{"name": "Logo Display", "status": "broken", "statusDetails": {"message": "selenium.common.exceptions.NoSuchElementException: Message: no such element: Unable to locate element: {\"method\":\"xpath\",\"selector\":\"//body/div[@id='app']/div[1]/div[1]/div[1]/div[1]/div[1]/img[1]\"}\n  (Session info: chrome=120.0.6099.71); For documentation on this error, please visit: https://www.selenium.dev/documentation/webdriver/troubleshooting/errors#no-such-element-exception\nStacktrace:\n\tGetHandleVerifier [0x00007FF674D74D02+56194]\n\t(No symbol) [0x00007FF674CE04B2]\n\t(No symbol) [0x00007FF674B876AA]\n\t(No symbol) [0x00007FF674BD16D0]\n\t(No symbol) [0x00007FF674BD17EC]\n\t(No symbol) [0x00007FF674C14D77]\n\t(No symbol) [0x00007FF674BF5EBF]\n\t(No symbol) [0x00007FF674C12786]\n\t(No symbol) [0x00007FF674BF5C23]\n\t(No symbol) [0x00007FF674BC4A45]\n\t(No symbol) [0x00007FF674BC5AD4]\n\tGetHandleVerifier [0x00007FF6750ED5BB+3695675]\n\tGetHandleVerifier [0x00007FF675146197+4059159]\n\tGetHandleVerifier [0x00007FF67513DF63+4025827]\n\tGetHandleVerifier [0x00007FF674E0F029+687785]\n\t(No symbol) [0x00007FF674CEB508]\n\t(No symbol) [0x00007FF674CE7564]\n\t(No symbol) [0x00007FF674CE76E9]\n\t(No symbol) [0x00007FF674CD8094]\n\tBaseThreadInitThunk [0x00007FFC5F9E7344+20]\n\tRtlUserThreadStart [0x00007FFC5FF426B1+33]\n\n", "trace": "  File \"C:\\Users\\Asus\\PycharmProjects\\seleniumpythonbjshub\\venv\\Lib\\site-packages\\behave\\model.py\", line 1329, in run\n    match.run(runner.context)\n  File \"C:\\Users\\Asus\\PycharmProjects\\seleniumpythonbjshub\\venv\\Lib\\site-packages\\behave\\matchers.py\", line 98, in run\n    self.func(context, *args, **kwargs)\n  File \"features\\steps\\login SD.py\", line 20, in verifylogo\n    status=context.driver.find_element(By.XPATH,\"//body/div[@id='app']/div[1]/div[1]/div[1]/div[1]/div[1]/img[1]\").is_displayed()\n           ^^^^^^^^^^^^^^^^^^^^^^^^^^^^^^^^^^^^^^^^^^^^^^^^^^^^^^^^^^^^^^^^^^^^^^^^^^^^^^^^^^^^^^^^^^^^^^^^^^^^^^^\n  File \"C:\\Users\\Asus\\PycharmProjects\\seleniumpythonbjshub\\venv\\Lib\\site-packages\\selenium\\webdriver\\remote\\webdriver.py\", line 742, in find_element\n    return self.execute(Command.FIND_ELEMENT, {\"using\": by, \"value\": value})[\"value\"]\n           ^^^^^^^^^^^^^^^^^^^^^^^^^^^^^^^^^^^^^^^^^^^^^^^^^^^^^^^^^^^^^^^^^\n  File \"C:\\Users\\Asus\\PycharmProjects\\seleniumpythonbjshub\\venv\\Lib\\site-packages\\selenium\\webdriver\\remote\\webdriver.py\", line 348, in execute\n    self.error_handler.check_response(response)\n  File \"C:\\Users\\Asus\\PycharmProjects\\seleniumpythonbjshub\\venv\\Lib\\site-packages\\selenium\\webdriver\\remote\\errorhandler.py\", line 229, in check_response\n    raise exception_class(message, screen, stacktrace)\n"}, "steps": [{"name": "Given launch chrome browser", "status": "passed", "start": 1702194060771, "stop": 1702194065108}, {"name": "When open the chrome hrm page", "status": "passed", "start": 1702194065108, "stop": 1702194070437}, {"name": "Then verify that logo is present on the page", "status": "broken", "statusDetails": {"message": "selenium.common.exceptions.NoSuchElementException: Message: no such element: Unable to locate element: {\"method\":\"xpath\",\"selector\":\"//body/div[@id='app']/div[1]/div[1]/div[1]/div[1]/div[1]/img[1]\"}\n  (Session info: chrome=120.0.6099.71); For documentation on this error, please visit: https://www.selenium.dev/documentation/webdriver/troubleshooting/errors#no-such-element-exception\nStacktrace:\n\tGetHandleVerifier [0x00007FF674D74D02+56194]\n\t(No symbol) [0x00007FF674CE04B2]\n\t(No symbol) [0x00007FF674B876AA]\n\t(No symbol) [0x00007FF674BD16D0]\n\t(No symbol) [0x00007FF674BD17EC]\n\t(No symbol) [0x00007FF674C14D77]\n\t(No symbol) [0x00007FF674BF5EBF]\n\t(No symbol) [0x00007FF674C12786]\n\t(No symbol) [0x00007FF674BF5C23]\n\t(No symbol) [0x00007FF674BC4A45]\n\t(No symbol) [0x00007FF674BC5AD4]\n\tGetHandleVerifier [0x00007FF6750ED5BB+3695675]\n\tGetHandleVerifier [0x00007FF675146197+4059159]\n\tGetHandleVerifier [0x00007FF67513DF63+4025827]\n\tGetHandleVerifier [0x00007FF674E0F029+687785]\n\t(No symbol) [0x00007FF674CEB508]\n\t(No symbol) [0x00007FF674CE7564]\n\t(No symbol) [0x00007FF674CE76E9]\n\t(No symbol) [0x00007FF674CD8094]\n\tBaseThreadInitThunk [0x00007FFC5F9E7344+20]\n\tRtlUserThreadStart [0x00007FFC5FF426B1+33]\n\n", "trace": "  File \"C:\\Users\\Asus\\PycharmProjects\\seleniumpythonbjshub\\venv\\Lib\\site-packages\\behave\\model.py\", line 1329, in run\n    match.run(runner.context)\n  File \"C:\\Users\\Asus\\PycharmProjects\\seleniumpythonbjshub\\venv\\Lib\\site-packages\\behave\\matchers.py\", line 98, in run\n    self.func(context, *args, **kwargs)\n  File \"features\\steps\\login SD.py\", line 20, in verifylogo\n    status=context.driver.find_element(By.XPATH,\"//body/div[@id='app']/div[1]/div[1]/div[1]/div[1]/div[1]/img[1]\").is_displayed()\n           ^^^^^^^^^^^^^^^^^^^^^^^^^^^^^^^^^^^^^^^^^^^^^^^^^^^^^^^^^^^^^^^^^^^^^^^^^^^^^^^^^^^^^^^^^^^^^^^^^^^^^^^\n  File \"C:\\Users\\Asus\\PycharmProjects\\seleniumpythonbjshub\\venv\\Lib\\site-packages\\selenium\\webdriver\\remote\\webdriver.py\", line 742, in find_element\n    return self.execute(Command.FIND_ELEMENT, {\"using\": by, \"value\": value})[\"value\"]\n           ^^^^^^^^^^^^^^^^^^^^^^^^^^^^^^^^^^^^^^^^^^^^^^^^^^^^^^^^^^^^^^^^^\n  File \"C:\\Users\\Asus\\PycharmProjects\\seleniumpythonbjshub\\venv\\Lib\\site-packages\\selenium\\webdriver\\remote\\webdriver.py\", line 348, in execute\n    self.error_handler.check_response(response)\n  File \"C:\\Users\\Asus\\PycharmProjects\\seleniumpythonbjshub\\venv\\Lib\\site-packages\\selenium\\webdriver\\remote\\errorhandler.py\", line 229, in check_response\n    raise exception_class(message, screen, stacktrace)\n"}, "start": 1702194070440, "stop": 1702194085264}, {"name": "And close browser", "status": "skipped", "start": 1702194085266, "stop": 1702194085266}], "start": 1702194060768, "stop": 1702194085266, "uuid": "227c49fd-80ca-49f1-84e4-8c0b5d3a0a1a", "historyId": "b9d2d4f1fa2745a8e08688288659eded", "fullName": "OrangeHRM logo: Logo Display", "labels": [{"name": "severity", "value": "normal"}, {"name": "feature", "value": "OrangeHRM logo"}, {"name": "framework", "value": "behave"}, {"name": "language", "value": "cpython3"}]}