{"name": "Logo Display", "status": "failed", "statusDetails": {"message": "AssertionError\n", "trace": "  File \"C:\\Users\\Asus\\PycharmProjects\\seleniumpythonbjshub\\venv\\Lib\\site-packages\\behave\\model.py\", line 1329, in run\n    match.run(runner.context)\n  File \"C:\\Users\\Asus\\PycharmProjects\\seleniumpythonbjshub\\venv\\Lib\\site-packages\\behave\\matchers.py\", line 98, in run\n    self.func(context, *args, **kwargs)\n  File \"features\\steps\\login SD.py\", line 21, in verifylogo\n    assert status is True\n"}, "steps": [{"name": "Given launch chrome browser", "status": "passed", "start": 1702194561219, "stop": 1702194569922}, {"name": "When open the chrome hrm page", "status": "passed", "start": 1702194569922, "stop": 1702194602229}, {"name": "Then verify that logo is present on the page", "status": "failed", "statusDetails": {"message": "AssertionError\n", "trace": "  File \"C:\\Users\\Asus\\PycharmProjects\\seleniumpythonbjshub\\venv\\Lib\\site-packages\\behave\\model.py\", line 1329, in run\n    match.run(runner.context)\n  File \"C:\\Users\\Asus\\PycharmProjects\\seleniumpythonbjshub\\venv\\Lib\\site-packages\\behave\\matchers.py\", line 98, in run\n    self.func(context, *args, **kwargs)\n  File \"features\\steps\\login SD.py\", line 21, in verifylogo\n    assert status is True\n"}, "start": 1702194602229, "stop": 1702194602413}, {"name": "And close browser", "status": "skipped", "start": 1702194605024, "stop": 1702194605024}], "start": 1702194561217, "stop": 1702194605024, "uuid": "830606fe-ff71-4175-852f-caba68f87812", "historyId": "b9d2d4f1fa2745a8e08688288659eded", "fullName": "OrangeHRM logo: Logo Display", "labels": [{"name": "severity", "value": "normal"}, {"name": "feature", "value": "OrangeHRM logo"}, {"name": "framework", "value": "behave"}, {"name": "language", "value": "cpython3"}]}